<?xml version="1.0" encoding="UTF-8"?>
<!-- Generated by org.testng.reporters.JUnitXMLReporter -->
<testsuite hostname="DESKTOP-82HK6U2" name="Test" tests="9" failures="0" timestamp="29 Oct 2019 07:16:59 GMT" time="16.411" errors="0">
  <testcase name="User_Info" time="0.016" classname="Sample.User_Information"/>
  <testcase name="searchtweet" time="0.0" classname="Sample.Twitter_Search"/>
  <testcase name="listusers" time="0.016" classname="Sample.Listof_Users"/>
  <testcase name="gettweet" time="0.016" classname="Sample.GetTweet"/>
  <testcase name="createtweet" time="0.015" classname="Sample.CreateTweet"/>
  <testcase name="method" time="6.043" classname="Sample.Block_User"/>
  <testcase name="searchtweet" time="0.029" classname="Sample.weather_update"/>
  <testcase name="Updatetweets" time="0.02" classname="Sample.Trends"/>
  <testcase name="tweet" time="0.012" classname="Sample.Home_title"/>
</testsuite> <!-- Test -->
